[07-Feb-2023 11:39:21 Asia/Kolkata] PHP Notice:  Undefined offset: 0 in /home/elrafact/domains/elrafact.com/public_html/hrm/hrm/controller/login.php on line 27
[07-Feb-2023 11:39:37 Asia/Kolkata] PHP Notice:  Undefined offset: 0 in /home/elrafact/domains/elrafact.com/public_html/hrm/hrm/controller/login.php on line 27
[07-Feb-2023 11:48:28 Asia/Kolkata] PHP Notice:  Undefined variable: aadharcard in /home/elrafact/domains/elrafact.com/public_html/hrm/hrm/controller/employee.php on line 104
[07-Feb-2023 11:48:28 Asia/Kolkata] PHP Notice:  Undefined variable: macaddress in /home/elrafact/domains/elrafact.com/public_html/hrm/hrm/controller/employee.php on line 104
[07-Feb-2023 11:50:03 Asia/Kolkata] PHP Notice:  Undefined variable: aadharcard in /home/elrafact/domains/elrafact.com/public_html/hrm/hrm/controller/employee.php on line 119
[07-Feb-2023 11:50:03 Asia/Kolkata] PHP Notice:  Undefined variable: macaddress in /home/elrafact/domains/elrafact.com/public_html/hrm/hrm/controller/employee.php on line 119
[07-Feb-2023 11:50:32 Asia/Kolkata] PHP Notice:  Undefined offset: 0 in /home/elrafact/domains/elrafact.com/public_html/hrm/hrm/controller/login.php on line 27
[07-Feb-2023 11:58:25 Asia/Kolkata] PHP Notice:  Undefined offset: 0 in /home/elrafact/domains/elrafact.com/public_html/hrm/hrm/controller/login.php on line 27
[07-Feb-2023 12:01:11 Asia/Kolkata] PHP Notice:  Undefined offset: 0 in /home/elrafact/domains/elrafact.com/public_html/hrm/hrm/controller/login.php on line 27
[07-Feb-2023 12:02:09 Asia/Kolkata] PHP Notice:  Undefined index: dailyid in /home/elrafact/domains/elrafact.com/public_html/hrm/hrm/controller/logout.php on line 24
[07-Feb-2023 12:02:09 Asia/Kolkata] PHP Notice:  Trying to access array offset on value of type null in /home/elrafact/domains/elrafact.com/public_html/hrm/hrm/controller/logout.php on line 27
[07-Feb-2023 12:05:14 Asia/Kolkata] PHP Notice:  Undefined variable: aadharcard in /home/elrafact/domains/elrafact.com/public_html/hrm/hrm/controller/employee.php on line 119
[07-Feb-2023 12:05:14 Asia/Kolkata] PHP Notice:  Undefined variable: macaddress in /home/elrafact/domains/elrafact.com/public_html/hrm/hrm/controller/employee.php on line 119
[07-Feb-2023 12:06:11 Asia/Kolkata] PHP Notice:  Undefined index: dailyid in /home/elrafact/domains/elrafact.com/public_html/hrm/hrm/controller/logout.php on line 24
[07-Feb-2023 12:06:11 Asia/Kolkata] PHP Notice:  Trying to access array offset on value of type null in /home/elrafact/domains/elrafact.com/public_html/hrm/hrm/controller/logout.php on line 27
[07-Feb-2023 12:06:24 Asia/Kolkata] PHP Notice:  Undefined offset: 0 in /home/elrafact/domains/elrafact.com/public_html/hrm/hrm/controller/login.php on line 27
[07-Feb-2023 12:07:50 Asia/Kolkata] PHP Notice:  Undefined index: User in /home/elrafact/domains/elrafact.com/public_html/hrm/hrm/controller/logout.php on line 7
[07-Feb-2023 12:07:50 Asia/Kolkata] PHP Notice:  Trying to access array offset on value of type null in /home/elrafact/domains/elrafact.com/public_html/hrm/hrm/controller/logout.php on line 7
[07-Feb-2023 12:07:50 Asia/Kolkata] PHP Notice:  Undefined index: User in /home/elrafact/domains/elrafact.com/public_html/hrm/hrm/controller/logout.php on line 17
[07-Feb-2023 12:07:50 Asia/Kolkata] PHP Notice:  Trying to access array offset on value of type null in /home/elrafact/domains/elrafact.com/public_html/hrm/hrm/controller/logout.php on line 17
[07-Feb-2023 12:07:50 Asia/Kolkata] PHP Notice:  Undefined index: User in /home/elrafact/domains/elrafact.com/public_html/hrm/hrm/controller/logout.php on line 21
[07-Feb-2023 12:07:50 Asia/Kolkata] PHP Notice:  Trying to access array offset on value of type null in /home/elrafact/domains/elrafact.com/public_html/hrm/hrm/controller/logout.php on line 21
[07-Feb-2023 12:07:50 Asia/Kolkata] PHP Notice:  Undefined index: dailyid in /home/elrafact/domains/elrafact.com/public_html/hrm/hrm/controller/logout.php on line 24
[07-Feb-2023 12:07:50 Asia/Kolkata] PHP Notice:  Trying to access array offset on value of type null in /home/elrafact/domains/elrafact.com/public_html/hrm/hrm/controller/logout.php on line 27
[07-Feb-2023 12:08:00 Asia/Kolkata] PHP Notice:  Undefined offset: 0 in /home/elrafact/domains/elrafact.com/public_html/hrm/hrm/controller/login.php on line 27
[07-Feb-2023 12:20:54 Asia/Kolkata] PHP Notice:  Undefined offset: 0 in /home/elrafact/domains/elrafact.com/public_html/hrm/hrm/controller/login.php on line 27
[07-Feb-2023 12:22:56 Asia/Kolkata] PHP Notice:  Undefined offset: 0 in /home/elrafact/domains/elrafact.com/public_html/hrm/hrm/controller/login.php on line 27
